=== Compiling transfer circuit ===
Step 1: Compiling circuit...
[32mtemplate instances[0m: 143
non-linear constraints: 10143
linear constraints: 11506
public inputs: 5
private inputs: 49 (47 belong to witness)
public outputs: 0
wires: 21691
labels: 32279
[32mWritten successfully:[0m build/transfer.r1cs
[32mWritten successfully:[0m build/transfer.sym
[32mWritten successfully:[0m build/transfer_js/transfer.wasm
[32mEverything went okay[0m

Step 2: Circuit info...
[32;22m[INFO]  [39;1msnarkJS[0m: Curve: bn-128
[32;22m[INFO]  [39;1msnarkJS[0m: # of Wires: 21691
[32;22m[INFO]  [39;1msnarkJS[0m: # of Constraints: 21649
[32;22m[INFO]  [39;1msnarkJS[0m: # of Private Inputs: 49
[32;22m[INFO]  [39;1msnarkJS[0m: # of Public Inputs: 5
[32;22m[INFO]  [39;1msnarkJS[0m: # of Labels: 32279
[32;22m[INFO]  [39;1msnarkJS[0m: # of Outputs: 0

Step 3: Groth16 setup...
[32;22m[INFO]  [39;1msnarkJS[0m: Reading r1cs
[32;22m[INFO]  [39;1msnarkJS[0m: Reading tauG1
[32;22m[INFO]  [39;1msnarkJS[0m: Reading tauG2
[32;22m[INFO]  [39;1msnarkJS[0m: Reading alphatauG1
[32;22m[INFO]  [39;1msnarkJS[0m: Reading betatauG1
[32;22m[INFO]  [39;1msnarkJS[0m: Circuit hash: 
		c4fd6106 1e0cbdeb 9a4087e7 5f9e36fb
		df9649aa 4fb68c52 d71534a8 4ccc4127
		f7a6130c f953070e 7a0153aa 0a5e8f6d
		2fb0f42d e6fdc511 4d2b0848 cb71d036

Step 4: Contribute to ceremony...
[36;22m[DEBUG] [39;1msnarkJS[0m: Applying key: L Section: 0/21685
[36;22m[DEBUG] [39;1msnarkJS[0m: Applying key: H Section: 0/32768
[32;22m[INFO]  [39;1msnarkJS[0m: Circuit Hash: 
		c4fd6106 1e0cbdeb 9a4087e7 5f9e36fb
		df9649aa 4fb68c52 d71534a8 4ccc4127
		f7a6130c f953070e 7a0153aa 0a5e8f6d
		2fb0f42d e6fdc511 4d2b0848 cb71d036
[32;22m[INFO]  [39;1msnarkJS[0m: Contribution Hash: 
		f53d16d8 b1f86da4 ba15da02 4ce849d5
		16ca6461 e764fda6 ea41eb5d 12115d39
		f007e00a a16c8099 d4da34f0 af71698d
		ed845b64 5b4073c6 c8d6cff8 842ce505

Step 5: Export verification key...
[32;22m[INFO]  [39;1msnarkJS[0m: EXPORT VERIFICATION KEY STARTED
[32;22m[INFO]  [39;1msnarkJS[0m: > Detected protocol: groth16
[32;22m[INFO]  [39;1msnarkJS[0m: EXPORT VERIFICATION KEY FINISHED

=== Summary ===
✓ Circuit compiled: build/transfer.r1cs
✓ WASM prover: build/transfer_js/transfer.wasm
✓ Proving key: build/transfer_final.zkey
✓ Verification key: build/transfer_vk.json

Next steps:
1. Test the circuit: node generateTransferTestInput.js
2. Generate a proof:
   snarkjs groth16 fullprove build/transfer_input.json \
     build/transfer_js/transfer.wasm \
     build/transfer_final.zkey \
     build/transfer_proof.json \
     build/transfer_public.json
3. Verify the proof:
   snarkjs groth16 verify build/transfer_vk.json \
     build/transfer_public.json \
     build/transfer_proof.json
4. Copy artifacts to frontend:
   mkdir -p ../frontend/public/circuits/transfer_js
   cp build/transfer_js/transfer.wasm ../frontend/public/circuits/transfer_js/
   cp build/transfer_final.zkey ../frontend/public/circuits/
   cp build/transfer_vk.json ../frontend/public/circuits/
